c:\security\gelwatercannon\lgcannondemocodedist\lgclientdisplay\lgclientdisplay\x64\release\vc143.pdb
c:\security\gelwatercannon\lgcannondemocodedist\lgclientdisplay\lgclientdisplay\x64\release\client.obj
c:\security\gelwatercannon\lgcannondemocodedist\lgclientdisplay\lgclientdisplay\x64\release\tcpsendrecv.obj
c:\security\gelwatercannon\lgcannondemocodedist\lgclientdisplay\lgclientdisplay\x64\release\lgclientdisplay.obj
c:\security\gelwatercannon\lgcannondemocodedist\lgclientdisplay\lgclientdisplay\x64\release\displayimage.obj
c:\security\gelwatercannon\lgcannondemocodedist\lgclientdisplay\x64\release\lgclientdisplay.exe
c:\security\gelwatercannon\lgcannondemocodedist\lgclientdisplay\x64\release\lgclientdisplay.pdb
c:\security\gelwatercannon\lgcannondemocodedist\lgclientdisplay\lgclientdisplay\x64\release\lgclientdisplay.res
c:\security\gelwatercannon\lgcannondemocodedist\lgclientdisplay\lgclientdisplay\x64\release\lgclientdisplay.ipdb
c:\security\gelwatercannon\lgcannondemocodedist\lgclientdisplay\lgclientdisplay\x64\release\lgclientdisplay.iobj
c:\security\gelwatercannon\lgcannondemocodedist\lgclientdisplay\lgclientdisplay\x64\release\lgclientdisplay.tlog\cl.command.1.tlog
c:\security\gelwatercannon\lgcannondemocodedist\lgclientdisplay\lgclientdisplay\x64\release\lgclientdisplay.tlog\cl.items.tlog
c:\security\gelwatercannon\lgcannondemocodedist\lgclientdisplay\lgclientdisplay\x64\release\lgclientdisplay.tlog\cl.read.1.tlog
c:\security\gelwatercannon\lgcannondemocodedist\lgclientdisplay\lgclientdisplay\x64\release\lgclientdisplay.tlog\cl.write.1.tlog
c:\security\gelwatercannon\lgcannondemocodedist\lgclientdisplay\lgclientdisplay\x64\release\lgclientdisplay.tlog\link.command.1.tlog
c:\security\gelwatercannon\lgcannondemocodedist\lgclientdisplay\lgclientdisplay\x64\release\lgclientdisplay.tlog\link.read.1.tlog
c:\security\gelwatercannon\lgcannondemocodedist\lgclientdisplay\lgclientdisplay\x64\release\lgclientdisplay.tlog\link.secondary.1.tlog
c:\security\gelwatercannon\lgcannondemocodedist\lgclientdisplay\lgclientdisplay\x64\release\lgclientdisplay.tlog\link.write.1.tlog
c:\security\gelwatercannon\lgcannondemocodedist\lgclientdisplay\lgclientdisplay\x64\release\lgclientdisplay.tlog\rc.command.1.tlog
c:\security\gelwatercannon\lgcannondemocodedist\lgclientdisplay\lgclientdisplay\x64\release\lgclientdisplay.tlog\rc.read.1.tlog
c:\security\gelwatercannon\lgcannondemocodedist\lgclientdisplay\lgclientdisplay\x64\release\lgclientdisplay.tlog\rc.write.1.tlog
